Generated at 2016-09-20 11:51:26 +0000
Net::HTTPServerException: 412 "Precondition Failed"
/opt/chefdk/embedded/lib/ruby/2.1.0/net/http/response.rb:119:in `error!'
/opt/chefdk/embedded/lib/ruby/gems/2.1.0/gems/chef-12.13.37/lib/chef/http.rb:146:in `request'
/opt/chefdk/embedded/lib/ruby/gems/2.1.0/gems/chef-12.13.37/lib/chef/http.rb:127:in `post'
/opt/chefdk/embedded/lib/ruby/gems/2.1.0/gems/chef-12.13.37/lib/chef/policy_builder/expand_node_object.rb:204:in `sync_cookbooks'
/opt/chefdk/embedded/lib/ruby/gems/2.1.0/gems/chef-12.13.37/lib/chef/policy_builder/expand_node_object.rb:83:in `setup_run_context'
/opt/chefdk/embedded/lib/ruby/gems/2.1.0/gems/chef-12.13.37/lib/chef/client.rb:510:in `setup_run_context'
/opt/chefdk/embedded/lib/ruby/gems/2.1.0/gems/chef-12.13.37/lib/chef/client.rb:280:in `run'
/opt/chefdk/embedded/lib/ruby/gems/2.1.0/gems/chef-12.13.37/lib/chef/application.rb:302:in `block in fork_chef_client'
/opt/chefdk/embedded/lib/ruby/gems/2.1.0/gems/chef-12.13.37/lib/chef/application.rb:290:in `fork'
/opt/chefdk/embedded/lib/ruby/gems/2.1.0/gems/chef-12.13.37/lib/chef/application.rb:290:in `fork_chef_client'
/opt/chefdk/embedded/lib/ruby/gems/2.1.0/gems/chef-12.13.37/lib/chef/application.rb:255:in `block in run_chef_client'
/opt/chefdk/embedded/lib/ruby/gems/2.1.0/gems/chef-12.13.37/lib/chef/local_mode.rb:44:in `with_server_connectivity'
/opt/chefdk/embedded/lib/ruby/gems/2.1.0/gems/chef-12.13.37/lib/chef/application.rb:243:in `run_chef_client'
/opt/chefdk/embedded/lib/ruby/gems/2.1.0/gems/chef-12.13.37/lib/chef/application/client.rb:464:in `sleep_then_run_chef_client'
/opt/chefdk/embedded/lib/ruby/gems/2.1.0/gems/chef-12.13.37/lib/chef/application/client.rb:451:in `block in interval_run_chef_client'
/opt/chefdk/embedded/lib/ruby/gems/2.1.0/gems/chef-12.13.37/lib/chef/application/client.rb:450:in `loop'
/opt/chefdk/embedded/lib/ruby/gems/2.1.0/gems/chef-12.13.37/lib/chef/application/client.rb:450:in `interval_run_chef_client'
/opt/chefdk/embedded/lib/ruby/gems/2.1.0/gems/chef-12.13.37/lib/chef/application/client.rb:434:in `run_application'
/opt/chefdk/embedded/lib/ruby/gems/2.1.0/gems/chef-12.13.37/lib/chef/application.rb:60:in `run'
/opt/chefdk/embedded/lib/ruby/gems/2.1.0/gems/chef-12.13.37/bin/chef-client:26:in `<top (required)>'
/opt/chefdk/embedded/bin/chef-client:22:in `load'
/opt/chefdk/embedded/bin/chef-client:22:in `<main>'